<?xml version="1.0" encoding="UTF-8"?>
<!-- Generated by org.testng.reporters.JUnitReportReporter -->
<testsuite hostname="monocepts-MacBook-Pro.local" name="com.weather.videoads.VideoAds" tests="1" failures="0" timestamp="5 May 2016 11:30:42 GMT" time="758.202" errors="0">
  <testcase name="testAd" time="758.202" classname="com.weather.videoads.VideoAds"/>
</testsuite> <!-- com.weather.videoads.VideoAds -->
