<?xml version="1.0" encoding="UTF-8"?>
<!-- Generated by org.testng.reporters.JUnitReportReporter -->
<testsuite hostname="WIN8PRO-64-34" name="weather.VideoAds" tests="1" failures="1" timestamp="25 Feb 2016 14:01:24 GMT" time="27.222" errors="0">
  <testcase name="testAd" time="27.222" classname="weather.VideoAds">
    <failure type="org.openqa.selenium.NoSuchElementException" message="An element could not be located on the page using the given search parameters. (WARNING: The server did not provide any stacktrace information)
Command duration or timeout: 8.76 seconds
For documentation on this error, please visit: http://seleniumhq.org/exceptions/no_such_element.html
Build info: version: &#039;2.46.0&#039;, revision: &#039;87c69e2&#039;, time: &#039;2015-06-04 16:16:47&#039;
System info: host: &#039;WIN8PRO-64-34&#039;, ip: &#039;192.168.1.178&#039;, os.name: &#039;Windows 8.1&#039;, os.arch: &#039;amd64&#039;, os.version: &#039;6.3&#039;, java.version: &#039;1.7.0_79&#039;
*** Element info: {Using=name, value=Settings}
Session ID: affec2ad-05d6-4208-a017-fbb2c0147d61
Driver info: io.appium.java_client.android.AndroidDriver
Capabilities [{platform=LINUX, app=F:\APK\TWC_640001164_googleRelease.apk, javascriptEnabled=true, appActivity=com.weather.Weather.app.SplashScreenActivity, browserName=Android, networkConnectionEnabled=true, Debug=false, desired={app=F:\APK\TWC_640001164_googleRelease.apk, platformVersion=5.0.1, platformName=Android, deviceName=Android, appActivity=com.weather.Weather.app.SplashScreenActivity, Debug=false, appPackage=com.weather.Weather}, locationContextEnabled=false, appPackage=com.weather.Weather, platformVersion=5.0, databaseEnabled=false, platformName=Android, deviceName=32081351765c5105, webStorageEnabled=false, warnings={}, takesScreenshot=true}]">
      <![CDATA[org.openqa.selenium.NoSuchElementException: An element could not be located on the page using the given search parameters. (WARNING: The server did not provide any stacktrace information)
Command duration or timeout: 8.76 seconds
For documentation on this error, please visit: http://seleniumhq.org/exceptions/no_such_element.html
Build info: version: '2.46.0', revision: '87c69e2', time: '2015-06-04 16:16:47'
System info: host: 'WIN8PRO-64-34', ip: '192.168.1.178', os.name: 'Windows 8.1', os.arch: 'amd64', os.version: '6.3', java.version: '1.7.0_79'
*** Element info: {Using=name, value=Settings}
Session ID: affec2ad-05d6-4208-a017-fbb2c0147d61
Driver info: io.appium.java_client.android.AndroidDriver
Capabilities [{platform=LINUX, app=F:\APK\TWC_640001164_googleRelease.apk, javascriptEnabled=true, appActivity=com.weather.Weather.app.SplashScreenActivity, browserName=Android, networkConnectionEnabled=true, Debug=false, desired={app=F:\APK\TWC_640001164_googleRelease.apk, platformVersion=5.0.1, platformName=Android, deviceName=Android, appActivity=com.weather.Weather.app.SplashScreenActivity, Debug=false, appPackage=com.weather.Weather}, locationContextEnabled=false, appPackage=com.weather.Weather, platformVersion=5.0, databaseEnabled=false, platformName=Android, deviceName=32081351765c5105, webStorageEnabled=false, warnings={}, takesScreenshot=true}]
	at sun.reflect.NativeConstructorAccessorImpl.newInstance0(Native Method)
	at sun.reflect.NativeConstructorAccessorImpl.newInstance(Unknown Source)
	at sun.reflect.DelegatingConstructorAccessorImpl.newInstance(Unknown Source)
	at java.lang.reflect.Constructor.newInstance(Unknown Source)
	at org.openqa.selenium.remote.ErrorHandler.createThrowable(ErrorHandler.java:204)
	at org.openqa.selenium.remote.ErrorHandler.throwIfResponseFailed(ErrorHandler.java:156)
	at org.openqa.selenium.remote.RemoteWebDriver.execute(RemoteWebDriver.java:605)
	at io.appium.java_client.DefaultGenericMobileDriver.execute(DefaultGenericMobileDriver.java:42)
	at io.appium.java_client.AppiumDriver.execute(AppiumDriver.java:1)
	at io.appium.java_client.android.AndroidDriver.execute(AndroidDriver.java:1)
	at org.openqa.selenium.remote.RemoteWebDriver.findElement(RemoteWebDriver.java:358)
	at org.openqa.selenium.remote.RemoteWebDriver.findElementByName(RemoteWebDriver.java:431)
	at io.appium.java_client.DefaultGenericMobileDriver.findElementByName(DefaultGenericMobileDriver.java:102)
	at io.appium.java_client.AppiumDriver.findElementByName(AppiumDriver.java:1)
	at io.appium.java_client.android.AndroidDriver.findElementByName(AndroidDriver.java:1)
	at weather.VideoAds.testAd(VideoAds.java:137)
	at sun.reflect.NativeMethodAccessorImpl.invoke0(Native Method)
	at sun.reflect.NativeMethodAccessorImpl.invoke(Unknown Source)
	at sun.reflect.DelegatingMethodAccessorImpl.invoke(Unknown Source)
	at java.lang.reflect.Method.invoke(Unknown Source)
	at org.testng.internal.MethodInvocationHelper.invokeMethod(MethodInvocationHelper.java:84)
	at org.testng.internal.Invoker.invokeMethod(Invoker.java:714)
	at org.testng.internal.Invoker.invokeTestMethod(Invoker.java:901)
	at org.testng.internal.Invoker.invokeTestMethods(Invoker.java:1231)
	at org.testng.internal.TestMethodWorker.invokeTestMethods(TestMethodWorker.java:127)
	at org.testng.internal.TestMethodWorker.run(TestMethodWorker.java:111)
	at org.testng.TestRunner.privateRun(TestRunner.java:767)
	at org.testng.TestRunner.run(TestRunner.java:617)
	at org.testng.SuiteRunner.runTest(SuiteRunner.java:334)
	at org.testng.SuiteRunner.runSequentially(SuiteRunner.java:329)
	at org.testng.SuiteRunner.privateRun(SuiteRunner.java:291)
	at org.testng.SuiteRunner.run(SuiteRunner.java:240)
	at org.testng.SuiteRunnerWorker.runSuite(SuiteRunnerWorker.java:52)
	at org.testng.SuiteRunnerWorker.run(SuiteRunnerWorker.java:86)
	at org.testng.TestNG.runSuitesSequentially(TestNG.java:1224)
	at org.testng.TestNG.runSuitesLocally(TestNG.java:1149)
	at org.testng.TestNG.run(TestNG.java:1057)
	at org.testng.remote.RemoteTestNG.run(RemoteTestNG.java:111)
	at org.testng.remote.RemoteTestNG.initAndRun(RemoteTestNG.java:204)
	at org.testng.remote.RemoteTestNG.main(RemoteTestNG.java:175)
]]>
    </failure>
  </testcase> <!-- testAd -->
</testsuite> <!-- weather.VideoAds -->
